<?xml version="1.0" encoding="UTF-8"?>
<!-- Generated by org.testng.reporters.JUnitXMLReporter -->
<testsuite ignored="0" hostname="Trishas-MacBook-Air.local" failures="0" tests="10" name="API Tests" time="27.916" errors="0" timestamp="2025-07-15T15:48:03 IST">
  <testcase classname="com.telecom.api.tests.UserTests" name="testAddNewUser" time="3.75"/>
  <testcase classname="com.telecom.api.tests.UserTests" name="testGetUserProfile" time="2.632"/>
  <testcase classname="com.telecom.api.tests.UserTests" name="testUpdateUser" time="2.863"/>
  <testcase classname="com.telecom.api.tests.UserTests" name="testLoginUser" time="2.762"/>
  <testcase classname="com.telecom.api.tests.ContactTests" name="testAddContact" time="2.563"/>
  <testcase classname="com.telecom.api.tests.ContactTests" name="testGetContactList" time="2.382"/>
  <testcase classname="com.telecom.api.tests.ContactTests" name="testGetContactById" time="2.467"/>
  <testcase classname="com.telecom.api.tests.ContactTests" name="testUpdateFullContact" time="2.41"/>
  <testcase classname="com.telecom.api.tests.ContactTests" name="testUpdatePartialContact" time="2.425"/>
  <testcase classname="com.telecom.api.tests.ContactTests" name="testLogoutUser" time="3.486"/>
</testsuite> <!-- API Tests -->
